<?xml version="1.0" encoding="UTF-8"?>
<!-- Generated by org.testng.reporters.JUnitXMLReporter -->
<testsuite hostname="AT-ESLap12" ignored="0" name="Validate Titles Test" tests="1" failures="1" timestamp="21 Nov 2020 14:35:02 GMT" time="0.019" errors="0">
  <testcase name="validateTitle" time="0.008" classname="testNGlearning.TestCase2">
    <failure type="java.lang.AssertionError" message="The following asserts failed:
	expected [Gmail.com] but found [Google.com],
	Forcefully failing the test,
	Failing the test as button is missing expected [true] but found [false]">
      <![CDATA[java.lang.AssertionError: The following asserts failed:
expected [Gmail.com] but found [Google.com],
Forcefully failing the test,
Failing the test as button is missing expected [true] but found [false]
at testNGlearning.TestCase2.validateTitle(TestCase2.java:27)
... Removed 26 stack frames]]>
    </failure>
  </testcase> <!-- validateTitle -->
</testsuite> <!-- Validate Titles Test -->
